# JRE version: OpenJDK Runtime Environment (8.0_242) (build 1.8.0_242-release-1644-b3-6222593)
# Java VM: OpenJDK 64-Bit Server VM (25.242-b3-6222593 mixed mode linux-amd64 compressed oops)
Heap:
 PSYoungGen      total 116224K, used 55779K [0x00000000f5580000, 0x0000000100000000, 0x0000000100000000)
  eden space 58368K, 25% used [0x00000000f5580000,0x00000000f63d8578,0x00000000f8e80000)
  from space 57856K, 71% used [0x00000000f8e80000,0x00000000fb6a0a28,0x00000000fc700000)
  to   space 57856K, 0% used [0x00000000fc780000,0x00000000fc780000,0x0000000100000000)
 ParOldGen       total 349696K, used 235146K [0x00000000e0000000, 0x00000000f5580000, 0x00000000f5580000)
  object space 349696K, 67% used [0x00000000e0000000,0x00000000ee5a28a0,0x00000000f5580000)
 Metaspace       used 145092K, capacity 152950K, committed 168984K, reserved 1193984K
  class space    used 18788K, capacity 20291K, committed 23600K, reserved 1048576K
GC Heap History (10 events):
Event: 1650.969 GC heap before
{Heap before GC invocations=244 (full 21):
 PSYoungGen      total 116736K, used 74983K [0x00000000f5580000, 0x0000000100000000, 0x0000000100000000)
  eden space 58880K, 100% used [0x00000000f5580000,0x00000000f8f00000,0x00000000f8f00000)
  from space 57856K, 27% used [0x00000000f8f00000,0x00000000f9eb9e28,0x00000000fc780000)
  to   space 57856K, 0% used [0x00000000fc780000,0x00000000fc780000,0x0000000100000000)
 ParOldGen       total 349696K, used 309369K [0x00000000e0000000, 0x00000000f5580000, 0x00000000f5580000)
  object space 349696K, 88% used [0x00000000e0000000,0x00000000f2e1e510,0x00000000f5580000)
 Metaspace       used 144585K, capacity 153224K, committed 168984K, reserved 1193984K
  class space    used 18815K, capacity 20492K, committed 23600K, reserved 1048576K
Event: 1650.986 GC heap after
Heap after GC invocations=244 (full 21):
 PSYoungGen      total 116736K, used 22410K [0x00000000f5580000, 0x0000000100000000, 0x0000000100000000)
  eden space 58880K, 0% used [0x00000000f5580000,0x00000000f5580000,0x00000000f8f00000)
  from space 57856K, 38% used [0x00000000fc780000,0x00000000fdd62820,0x0000000100000000)
  to   space 57856K, 0% used [0x00000000f8f00000,0x00000000f8f00000,0x00000000fc780000)
 ParOldGen       total 349696K, used 324878K [0x00000000e0000000, 0x00000000f5580000, 0x00000000f5580000)
  object space 349696K, 92% used [0x00000000e0000000,0x00000000f3d43a48,0x00000000f5580000)
 Metaspace       used 144585K, capacity 153224K, committed 168984K, reserved 1193984K
  class space    used 18815K, capacity 20492K, committed 23600K, reserved 1048576K
}
Event: 1651.112 GC heap before
{Heap before GC invocations=245 (full 21):
 PSYoungGen      total 116736K, used 81290K [0x00000000f5580000, 0x0000000100000000, 0x0000000100000000)
  eden space 58880K, 100% used [0x00000000f5580000,0x00000000f8f00000,0x00000000f8f00000)
  from space 57856K, 38% used [0x00000000fc780000,0x00000000fdd62820,0x0000000100000000)
  to   space 57856K, 0% used [0x00000000f8f00000,0x00000000f8f00000,0x00000000fc780000)
 ParOldGen       total 349696K, used 324878K [0x00000000e0000000, 0x00000000f5580000, 0x00000000f5580000)
  object space 349696K, 92% used [0x00000000e0000000,0x00000000f3d43a48,0x00000000f5580000)
 Metaspace       used 144589K, capacity 153224K, committed 168984K, reserved 1193984K
  class space    used 18815K, capacity 20492K, committed 23600K, reserved 1048576K
Event: 1651.139 GC heap after
Heap after GC invocations=245 (full 21):
 PSYoungGen      total 82432K, used 23488K [0x00000000f5580000, 0x00000000fff00000, 0x0000000100000000)
  eden space 58880K, 0% used [0x00000000f5580000,0x00000000f5580000,0x00000000f8f00000)
  from space 23552K, 99% used [0x00000000f8f00000,0x00000000fa5f0020,0x00000000fa600000)
  to   space 57344K, 0% used [0x00000000fc700000,0x00000000fc700000,0x00000000fff00000)
 ParOldGen       total 349696K, used 346160K [0x00000000e0000000, 0x00000000f5580000, 0x00000000f5580000)
  object space 349696K, 98% used [0x00000000e0000000,0x00000000f520c048,0x00000000f5580000)
 Metaspace       used 144589K, capacity 153224K, committed 168984K, reserved 1193984K
  class space    used 18815K, capacity 20492K, committed 23600K, reserved 1048576K
}
Event: 1651.139 GC heap before
{Heap before GC invocations=246 (full 22):
 PSYoungGen      total 82432K, used 23488K [0x00000000f5580000, 0x00000000fff00000, 0x0000000100000000)
  eden space 58880K, 0% used [0x00000000f5580000,0x00000000f5580000,0x00000000f8f00000)
  from space 23552K, 99% used [0x00000000f8f00000,0x00000000fa5f0020,0x00000000fa600000)
  to   space 57344K, 0% used [0x00000000fc700000,0x00000000fc700000,0x00000000fff00000)
 ParOldGen       total 349696K, used 346160K [0x00000000e0000000, 0x00000000f5580000, 0x00000000f5580000)
  object space 349696K, 98% used [0x00000000e0000000,0x00000000f520c048,0x00000000f5580000)
 Metaspace       used 144589K, capacity 153224K, committed 168984K, reserved 1193984K
  class space    used 18815K, capacity 20492K, committed 23600K, reserved 1048576K
Event: 1651.540 GC heap after
Heap after GC invocations=246 (full 22):
 PSYoungGen      total 82432K, used 0K [0x00000000f5580000, 0x00000000fff00000, 0x0000000100000000)
  eden space 58880K, 0% used [0x00000000f5580000,0x00000000f5580000,0x00000000f8f00000)
  from space 23552K, 0% used [0x00000000f8f00000,0x00000000f8f00000,0x00000000fa600000)
  to   space 57344K, 0% used [0x00000000fc700000,0x00000000fc700000,0x00000000fff00000)
 ParOldGen       total 349696K, used 233781K [0x00000000e0000000, 0x00000000f5580000, 0x00000000f5580000)
  object space 349696K, 66% used [0x00000000e0000000,0x00000000ee44d560,0x00000000f5580000)
 Metaspace       used 143243K, capacity 151110K, committed 168984K, reserved 1193984K
  class space    used 18602K, capacity 20127K, committed 23600K, reserved 1048576K
}
Event: 1651.601 GC heap before
{Heap before GC invocations=247 (full 22):
 PSYoungGen      total 82432K, used 58880K [0x00000000f5580000, 0x00000000fff00000, 0x0000000100000000)
  eden space 58880K, 100% used [0x00000000f5580000,0x00000000f8f00000,0x00000000f8f00000)
  from space 23552K, 0% used [0x00000000f8f00000,0x00000000f8f00000,0x00000000fa600000)
  to   space 57344K, 0% used [0x00000000fc700000,0x00000000fc700000,0x00000000fff00000)
 ParOldGen       total 349696K, used 233781K [0x00000000e0000000, 0x00000000f5580000, 0x00000000f5580000)
  object space 349696K, 66% used [0x00000000e0000000,0x00000000ee44d560,0x00000000f5580000)
 Metaspace       used 143466K, capacity 151302K, committed 168984K, reserved 1193984K
  class space    used 18613K, capacity 20127K, committed 23600K, reserved 1048576K
Event: 1651.606 GC heap after
Heap after GC invocations=247 (full 22):
 PSYoungGen      total 115712K, used 1749K [0x00000000f5580000, 0x0000000100000000, 0x0000000100000000)
  eden space 58368K, 0% used [0x00000000f5580000,0x00000000f5580000,0x00000000f8e80000)
  from space 57344K, 3% used [0x00000000fc700000,0x00000000fc8b5790,0x00000000fff00000)
  to   space 57856K, 0% used [0x00000000f8e80000,0x00000000f8e80000,0x00000000fc700000)
 ParOldGen       total 349696K, used 233781K [0x00000000e0000000, 0x00000000f5580000, 0x00000000f5580000)
  object space 349696K, 66% used [0x00000000e0000000,0x00000000ee44d560,0x00000000f5580000)
 Metaspace       used 143466K, capacity 151302K, committed 168984K, reserved 1193984K
  class space    used 18613K, capacity 20127K, committed 23600K, reserved 1048576K
}
Event: 1651.759 GC heap before
{Heap before GC invocations=248 (full 22):
 PSYoungGen      total 115712K, used 60117K [0x00000000f5580000, 0x0000000100000000, 0x0000000100000000)
  eden space 58368K, 100% used [0x00000000f5580000,0x00000000f8e80000,0x00000000f8e80000)
  from space 57344K, 3% used [0x00000000fc700000,0x00000000fc8b5790,0x00000000fff00000)
  to   space 57856K, 0% used [0x00000000f8e80000,0x00000000f8e80000,0x00000000fc700000)
 ParOldGen       total 349696K, used 233781K [0x00000000e0000000, 0x00000000f5580000, 0x00000000f5580000)
  object space 349696K, 66% used [0x00000000e0000000,0x00000000ee44d560,0x00000000f5580000)
 Metaspace       used 145033K, capacity 152886K, committed 168984K, reserved 1193984K
  class space    used 18786K, capacity 20291K, committed 23600K, reserved 1048576K
Event: 1651.776 GC heap after
Heap after GC invocations=248 (full 22):
 PSYoungGen      total 116224K, used 41090K [0x00000000f5580000, 0x0000000100000000, 0x0000000100000000)
  eden space 58368K, 0% used [0x00000000f5580000,0x00000000f5580000,0x00000000f8e80000)
  from space 57856K, 71% used [0x00000000f8e80000,0x00000000fb6a0a28,0x00000000fc700000)
  to   space 57856K, 0% used [0x00000000fc780000,0x00000000fc780000,0x0000000100000000)
 ParOldGen       total 349696K, used 235146K [0x00000000e0000000, 0x00000000f5580000, 0x00000000f5580000)
  object space 349696K, 67% used [0x00000000e0000000,0x00000000ee5a28a0,0x00000000f5580000)
 Metaspace       used 145033K, capacity 152886K, committed 168984K, reserved 1193984K
  class space    used 18786K, capacity 20291K, committed 23600K, reserved 1048576K
}

