# JRE version: OpenJDK Runtime Environment (8.0_242) (build 1.8.0_242-release-1644-b3-6222593)
# Java VM: OpenJDK 64-Bit Server VM (25.242-b3-6222593 mixed mode linux-amd64 compressed oops)
Heap:
 PSYoungGen      total 115200K, used 60416K [0x00000000f5580000, 0x00000000ffd80000, 0x0000000100000000)
  eden space 60416K, 100% used [0x00000000f5580000,0x00000000f9080000,0x00000000f9080000)
  from space 54784K, 0% used [0x00000000fc800000,0x00000000fc800000,0x00000000ffd80000)
  to   space 55808K, 0% used [0x00000000f9080000,0x00000000f9080000,0x00000000fc700000)
 ParOldGen       total 349696K, used 349364K [0x00000000e0000000, 0x00000000f5580000, 0x00000000f5580000)
  object space 349696K, 99% used [0x00000000e0000000,0x00000000f552d2a0,0x00000000f5580000)
 Metaspace       used 109964K, capacity 114162K, committed 115864K, reserved 1148928K
  class space    used 14320K, capacity 15162K, committed 15536K, reserved 1048576K
GC Heap History (10 events):
Event: 70.266 GC heap after
Heap after GC invocations=121 (full 81):
 PSYoungGen      total 115200K, used 60232K [0x00000000f5580000, 0x00000000ffd80000, 0x0000000100000000)
  eden space 60416K, 99% used [0x00000000f5580000,0x00000000f90523d8,0x00000000f9080000)
  from space 54784K, 0% used [0x00000000fc800000,0x00000000fc800000,0x00000000ffd80000)
  to   space 55808K, 0% used [0x00000000f9080000,0x00000000f9080000,0x00000000fc700000)
 ParOldGen       total 349696K, used 349309K [0x00000000e0000000, 0x00000000f5580000, 0x00000000f5580000)
  object space 349696K, 99% used [0x00000000e0000000,0x00000000f551f688,0x00000000f5580000)
 Metaspace       used 109959K, capacity 114162K, committed 115864K, reserved 1148928K
  class space    used 14319K, capacity 15162K, committed 15536K, reserved 1048576K
}
Event: 70.266 GC heap before
{Heap before GC invocations=122 (full 82):
 PSYoungGen      total 115200K, used 60416K [0x00000000f5580000, 0x00000000ffd80000, 0x0000000100000000)
  eden space 60416K, 100% used [0x00000000f5580000,0x00000000f9080000,0x00000000f9080000)
  from space 54784K, 0% used [0x00000000fc800000,0x00000000fc800000,0x00000000ffd80000)
  to   space 55808K, 0% used [0x00000000f9080000,0x00000000f9080000,0x00000000fc700000)
 ParOldGen       total 349696K, used 349309K [0x00000000e0000000, 0x00000000f5580000, 0x00000000f5580000)
  object space 349696K, 99% used [0x00000000e0000000,0x00000000f551f688,0x00000000f5580000)
 Metaspace       used 109959K, capacity 114162K, committed 115864K, reserved 1148928K
  class space    used 14319K, capacity 15162K, committed 15536K, reserved 1048576K
Event: 70.594 GC heap after
Heap after GC invocations=122 (full 82):
 PSYoungGen      total 115200K, used 60260K [0x00000000f5580000, 0x00000000ffd80000, 0x0000000100000000)
  eden space 60416K, 99% used [0x00000000f5580000,0x00000000f9059138,0x00000000f9080000)
  from space 54784K, 0% used [0x00000000fc800000,0x00000000fc800000,0x00000000ffd80000)
  to   space 55808K, 0% used [0x00000000f9080000,0x00000000f9080000,0x00000000fc700000)
 ParOldGen       total 349696K, used 349309K [0x00000000e0000000, 0x00000000f5580000, 0x00000000f5580000)
  object space 349696K, 99% used [0x00000000e0000000,0x00000000f551f688,0x00000000f5580000)
 Metaspace       used 109959K, capacity 114162K, committed 115864K, reserved 1148928K
  class space    used 14319K, capacity 15162K, committed 15536K, reserved 1048576K
}
Event: 70.595 GC heap before
{Heap before GC invocations=123 (full 83):
 PSYoungGen      total 115200K, used 60416K [0x00000000f5580000, 0x00000000ffd80000, 0x0000000100000000)
  eden space 60416K, 100% used [0x00000000f5580000,0x00000000f9080000,0x00000000f9080000)
  from space 54784K, 0% used [0x00000000fc800000,0x00000000fc800000,0x00000000ffd80000)
  to   space 55808K, 0% used [0x00000000f9080000,0x00000000f9080000,0x00000000fc700000)
 ParOldGen       total 349696K, used 349309K [0x00000000e0000000, 0x00000000f5580000, 0x00000000f5580000)
  object space 349696K, 99% used [0x00000000e0000000,0x00000000f551f688,0x00000000f5580000)
 Metaspace       used 109959K, capacity 114162K, committed 115864K, reserved 1148928K
  class space    used 14319K, capacity 15162K, committed 15536K, reserved 1048576K
Event: 70.926 GC heap after
Heap after GC invocations=123 (full 83):
 PSYoungGen      total 115200K, used 60283K [0x00000000f5580000, 0x00000000ffd80000, 0x0000000100000000)
  eden space 60416K, 99% used [0x00000000f5580000,0x00000000f905ecc0,0x00000000f9080000)
  from space 54784K, 0% used [0x00000000fc800000,0x00000000fc800000,0x00000000ffd80000)
  to   space 55808K, 0% used [0x00000000f9080000,0x00000000f9080000,0x00000000fc700000)
 ParOldGen       total 349696K, used 349309K [0x00000000e0000000, 0x00000000f5580000, 0x00000000f5580000)
  object space 349696K, 99% used [0x00000000e0000000,0x00000000f551f688,0x00000000f5580000)
 Metaspace       used 109959K, capacity 114162K, committed 115864K, reserved 1148928K
  class space    used 14319K, capacity 15162K, committed 15536K, reserved 1048576K
}
Event: 70.928 GC heap before
{Heap before GC invocations=124 (full 84):
 PSYoungGen      total 115200K, used 60416K [0x00000000f5580000, 0x00000000ffd80000, 0x0000000100000000)
  eden space 60416K, 100% used [0x00000000f5580000,0x00000000f9080000,0x00000000f9080000)
  from space 54784K, 0% used [0x00000000fc800000,0x00000000fc800000,0x00000000ffd80000)
  to   space 55808K, 0% used [0x00000000f9080000,0x00000000f9080000,0x00000000fc700000)
 ParOldGen       total 349696K, used 349695K [0x00000000e0000000, 0x00000000f5580000, 0x00000000f5580000)
  object space 349696K, 99% used [0x00000000e0000000,0x00000000f557fff8,0x00000000f5580000)
 Metaspace       used 109960K, capacity 114162K, committed 115864K, reserved 1148928K
  class space    used 14319K, capacity 15162K, committed 15536K, reserved 1048576K
Event: 71.254 GC heap after
Heap after GC invocations=124 (full 84):
 PSYoungGen      total 115200K, used 60302K [0x00000000f5580000, 0x00000000ffd80000, 0x0000000100000000)
  eden space 60416K, 99% used [0x00000000f5580000,0x00000000f9063b98,0x00000000f9080000)
  from space 54784K, 0% used [0x00000000fc800000,0x00000000fc800000,0x00000000ffd80000)
  to   space 55808K, 0% used [0x00000000f9080000,0x00000000f9080000,0x00000000fc700000)
 ParOldGen       total 349696K, used 349364K [0x00000000e0000000, 0x00000000f5580000, 0x00000000f5580000)
  object space 349696K, 99% used [0x00000000e0000000,0x00000000f552d028,0x00000000f5580000)
 Metaspace       used 109960K, capacity 114162K, committed 115864K, reserved 1148928K
  class space    used 14319K, capacity 15162K, committed 15536K, reserved 1048576K
}
Event: 71.257 GC heap before
{Heap before GC invocations=125 (full 85):
 PSYoungGen      total 115200K, used 60416K [0x00000000f5580000, 0x00000000ffd80000, 0x0000000100000000)
  eden space 60416K, 100% used [0x00000000f5580000,0x00000000f9080000,0x00000000f9080000)
  from space 54784K, 0% used [0x00000000fc800000,0x00000000fc800000,0x00000000ffd80000)
  to   space 55808K, 0% used [0x00000000f9080000,0x00000000f9080000,0x00000000fc700000)
 ParOldGen       total 349696K, used 349370K [0x00000000e0000000, 0x00000000f5580000, 0x00000000f5580000)
  object space 349696K, 99% used [0x00000000e0000000,0x00000000f552e8a0,0x00000000f5580000)
 Metaspace       used 109964K, capacity 114162K, committed 115864K, reserved 1148928K
  class space    used 14320K, capacity 15162K, committed 15536K, reserved 1048576K
Event: 71.582 GC heap after
Heap after GC invocations=125 (full 85):
 PSYoungGen      total 115200K, used 60317K [0x00000000f5580000, 0x00000000ffd80000, 0x0000000100000000)
  eden space 60416K, 99% used [0x00000000f5580000,0x00000000f9067648,0x00000000f9080000)
  from space 54784K, 0% used [0x00000000fc800000,0x00000000fc800000,0x00000000ffd80000)
  to   space 55808K, 0% used [0x00000000f9080000,0x00000000f9080000,0x00000000fc700000)
 ParOldGen       total 349696K, used 349364K [0x00000000e0000000, 0x00000000f5580000, 0x00000000f5580000)
  object space 349696K, 99% used [0x00000000e0000000,0x00000000f552d2a0,0x00000000f5580000)
 Metaspace       used 109964K, capacity 114162K, committed 115864K, reserved 1148928K
  class space    used 14320K, capacity 15162K, committed 15536K, reserved 1048576K
}
Event: 71.583 GC heap before
{Heap before GC invocations=126 (full 86):
 PSYoungGen      total 115200K, used 60416K [0x00000000f5580000, 0x00000000ffd80000, 0x0000000100000000)
  eden space 60416K, 100% used [0x00000000f5580000,0x00000000f9080000,0x00000000f9080000)
  from space 54784K, 0% used [0x00000000fc800000,0x00000000fc800000,0x00000000ffd80000)
  to   space 55808K, 0% used [0x00000000f9080000,0x00000000f9080000,0x00000000fc700000)
 ParOldGen       total 349696K, used 349364K [0x00000000e0000000, 0x00000000f5580000, 0x00000000f5580000)
  object space 349696K, 99% used [0x00000000e0000000,0x00000000f552d2a0,0x00000000f5580000)
 Metaspace       used 109964K, capacity 114162K, committed 115864K, reserved 1148928K
  class space    used 14320K, capacity 15162K, committed 15536K, reserved 1048576K

