# JRE version: OpenJDK Runtime Environment (8.0_242) (build 1.8.0_242-release-1644-b3-6222593)
# Java VM: OpenJDK 64-Bit Server VM (25.242-b3-6222593 mixed mode linux-amd64 compressed oops)
Heap:
 PSYoungGen      total 116736K, used 58880K [0x00000000f5580000, 0x0000000100000000, 0x0000000100000000)
  eden space 58880K, 100% used [0x00000000f5580000,0x00000000f8f00000,0x00000000f8f00000)
  from space 57856K, 0% used [0x00000000f8f00000,0x00000000f8f00000,0x00000000fc780000)
  to   space 57856K, 0% used [0x00000000fc780000,0x00000000fc780000,0x0000000100000000)
 ParOldGen       total 349696K, used 349696K [0x00000000e0000000, 0x00000000f5580000, 0x00000000f5580000)
  object space 349696K, 100% used [0x00000000e0000000,0x00000000f5580000,0x00000000f5580000)
 Metaspace       used 144023K, capacity 152648K, committed 204184K, reserved 1224704K
  class space    used 17605K, capacity 19156K, committed 28840K, reserved 1048576K
GC Heap History (10 events):
Event: 19961.313 GC heap after
Heap after GC invocations=1326 (full 153):
 PSYoungGen      total 116736K, used 52505K [0x00000000f5580000, 0x0000000100000000, 0x0000000100000000)
  eden space 58880K, 89% used [0x00000000f5580000,0x00000000f88c6760,0x00000000f8f00000)
  from space 57856K, 0% used [0x00000000f8f00000,0x00000000f8f00000,0x00000000fc780000)
  to   space 57856K, 0% used [0x00000000fc780000,0x00000000fc780000,0x0000000100000000)
 ParOldGen       total 349696K, used 349422K [0x00000000e0000000, 0x00000000f5580000, 0x00000000f5580000)
  object space 349696K, 99% used [0x00000000e0000000,0x00000000f553b960,0x00000000f5580000)
 Metaspace       used 143609K, capacity 152264K, committed 204184K, reserved 1224704K
  class space    used 17550K, capacity 19092K, committed 28840K, reserved 1048576K
}
Event: 19961.339 GC heap before
{Heap before GC invocations=1327 (full 154):
 PSYoungGen      total 116736K, used 58880K [0x00000000f5580000, 0x0000000100000000, 0x0000000100000000)
  eden space 58880K, 100% used [0x00000000f5580000,0x00000000f8f00000,0x00000000f8f00000)
  from space 57856K, 0% used [0x00000000f8f00000,0x00000000f8f00000,0x00000000fc780000)
  to   space 57856K, 0% used [0x00000000fc780000,0x00000000fc780000,0x0000000100000000)
 ParOldGen       total 349696K, used 349696K [0x00000000e0000000, 0x00000000f5580000, 0x00000000f5580000)
  object space 349696K, 100% used [0x00000000e0000000,0x00000000f5580000,0x00000000f5580000)
 Metaspace       used 143645K, capacity 152264K, committed 204184K, reserved 1224704K
  class space    used 17553K, capacity 19092K, committed 28840K, reserved 1048576K
Event: 19961.643 GC heap after
Heap after GC invocations=1327 (full 154):
 PSYoungGen      total 116736K, used 52395K [0x00000000f5580000, 0x0000000100000000, 0x0000000100000000)
  eden space 58880K, 88% used [0x00000000f5580000,0x00000000f88aaed0,0x00000000f8f00000)
  from space 57856K, 0% used [0x00000000f8f00000,0x00000000f8f00000,0x00000000fc780000)
  to   space 57856K, 0% used [0x00000000fc780000,0x00000000fc780000,0x0000000100000000)
 ParOldGen       total 349696K, used 349485K [0x00000000e0000000, 0x00000000f5580000, 0x00000000f5580000)
  object space 349696K, 99% used [0x00000000e0000000,0x00000000f554b780,0x00000000f5580000)
 Metaspace       used 143645K, capacity 152264K, committed 204184K, reserved 1224704K
  class space    used 17553K, capacity 19092K, committed 28840K, reserved 1048576K
}
Event: 19961.662 GC heap before
{Heap before GC invocations=1328 (full 155):
 PSYoungGen      total 116736K, used 58880K [0x00000000f5580000, 0x0000000100000000, 0x0000000100000000)
  eden space 58880K, 100% used [0x00000000f5580000,0x00000000f8f00000,0x00000000f8f00000)
  from space 57856K, 0% used [0x00000000f8f00000,0x00000000f8f00000,0x00000000fc780000)
  to   space 57856K, 0% used [0x00000000fc780000,0x00000000fc780000,0x0000000100000000)
 ParOldGen       total 349696K, used 349687K [0x00000000e0000000, 0x00000000f5580000, 0x00000000f5580000)
  object space 349696K, 99% used [0x00000000e0000000,0x00000000f557de50,0x00000000f5580000)
 Metaspace       used 143760K, capacity 152424K, committed 204184K, reserved 1224704K
  class space    used 17570K, capacity 19124K, committed 28840K, reserved 1048576K
Event: 19962.110 GC heap after
Heap after GC invocations=1328 (full 155):
 PSYoungGen      total 116736K, used 52835K [0x00000000f5580000, 0x0000000100000000, 0x0000000100000000)
  eden space 58880K, 89% used [0x00000000f5580000,0x00000000f8918f48,0x00000000f8f00000)
  from space 57856K, 0% used [0x00000000f8f00000,0x00000000f8f00000,0x00000000fc780000)
  to   space 57856K, 0% used [0x00000000fc780000,0x00000000fc780000,0x0000000100000000)
 ParOldGen       total 349696K, used 349475K [0x00000000e0000000, 0x00000000f5580000, 0x00000000f5580000)
  object space 349696K, 99% used [0x00000000e0000000,0x00000000f5548f90,0x00000000f5580000)
 Metaspace       used 143760K, capacity 152424K, committed 204184K, reserved 1224704K
  class space    used 17570K, capacity 19124K, committed 28840K, reserved 1048576K
}
Event: 19962.125 GC heap before
{Heap before GC invocations=1329 (full 156):
 PSYoungGen      total 116736K, used 58880K [0x00000000f5580000, 0x0000000100000000, 0x0000000100000000)
  eden space 58880K, 100% used [0x00000000f5580000,0x00000000f8f00000,0x00000000f8f00000)
  from space 57856K, 0% used [0x00000000f8f00000,0x00000000f8f00000,0x00000000fc780000)
  to   space 57856K, 0% used [0x00000000fc780000,0x00000000fc780000,0x0000000100000000)
 ParOldGen       total 349696K, used 349504K [0x00000000e0000000, 0x00000000f5580000, 0x00000000f5580000)
  object space 349696K, 99% used [0x00000000e0000000,0x00000000f55500f0,0x00000000f5580000)
 Metaspace       used 143830K, capacity 152488K, committed 204184K, reserved 1224704K
  class space    used 17574K, capacity 19124K, committed 28840K, reserved 1048576K
Event: 19962.433 GC heap after
Heap after GC invocations=1329 (full 156):
 PSYoungGen      total 116736K, used 52475K [0x00000000f5580000, 0x0000000100000000, 0x0000000100000000)
  eden space 58880K, 89% used [0x00000000f5580000,0x00000000f88beee8,0x00000000f8f00000)
  from space 57856K, 0% used [0x00000000f8f00000,0x00000000f8f00000,0x00000000fc780000)
  to   space 57856K, 0% used [0x00000000fc780000,0x00000000fc780000,0x0000000100000000)
 ParOldGen       total 349696K, used 349427K [0x00000000e0000000, 0x00000000f5580000, 0x00000000f5580000)
  object space 349696K, 99% used [0x00000000e0000000,0x00000000f553cc08,0x00000000f5580000)
 Metaspace       used 143830K, capacity 152488K, committed 204184K, reserved 1224704K
  class space    used 17574K, capacity 19124K, committed 28840K, reserved 1048576K
}
Event: 19962.457 GC heap before
{Heap before GC invocations=1330 (full 157):
 PSYoungGen      total 116736K, used 58880K [0x00000000f5580000, 0x0000000100000000, 0x0000000100000000)
  eden space 58880K, 100% used [0x00000000f5580000,0x00000000f8f00000,0x00000000f8f00000)
  from space 57856K, 0% used [0x00000000f8f00000,0x00000000f8f00000,0x00000000fc780000)
  to   space 57856K, 0% used [0x00000000fc780000,0x00000000fc780000,0x0000000100000000)
 ParOldGen       total 349696K, used 349434K [0x00000000e0000000, 0x00000000f5580000, 0x00000000f5580000)
  object space 349696K, 99% used [0x00000000e0000000,0x00000000f553eaf8,0x00000000f5580000)
 Metaspace       used 143945K, capacity 152552K, committed 204184K, reserved 1224704K
  class space    used 17595K, capacity 19124K, committed 28840K, reserved 1048576K
Event: 19962.764 GC heap after
Heap after GC invocations=1330 (full 157):
 PSYoungGen      total 116736K, used 52976K [0x00000000f5580000, 0x0000000100000000, 0x0000000100000000)
  eden space 58880K, 89% used [0x00000000f5580000,0x00000000f893c2f8,0x00000000f8f00000)
  from space 57856K, 0% used [0x00000000f8f00000,0x00000000f8f00000,0x00000000fc780000)
  to   space 57856K, 0% used [0x00000000fc780000,0x00000000fc780000,0x0000000100000000)
 ParOldGen       total 349696K, used 349430K [0x00000000e0000000, 0x00000000f5580000, 0x00000000f5580000)
  object space 349696K, 99% used [0x00000000e0000000,0x00000000f553db98,0x00000000f5580000)
 Metaspace       used 143945K, capacity 152552K, committed 204184K, reserved 1224704K
  class space    used 17595K, capacity 19124K, committed 28840K, reserved 1048576K
}
Event: 19962.794 GC heap before
{Heap before GC invocations=1331 (full 158):
 PSYoungGen      total 116736K, used 58880K [0x00000000f5580000, 0x0000000100000000, 0x0000000100000000)
  eden space 58880K, 100% used [0x00000000f5580000,0x00000000f8f00000,0x00000000f8f00000)
  from space 57856K, 0% used [0x00000000f8f00000,0x00000000f8f00000,0x00000000fc780000)
  to   space 57856K, 0% used [0x00000000fc780000,0x00000000fc780000,0x0000000100000000)
 ParOldGen       total 349696K, used 349696K [0x00000000e0000000, 0x00000000f5580000, 0x00000000f5580000)
  object space 349696K, 100% used [0x00000000e0000000,0x00000000f5580000,0x00000000f5580000)
 Metaspace       used 144023K, capacity 152648K, committed 204184K, reserved 1224704K
  class space    used 17605K, capacity 19156K, committed 28840K, reserved 1048576K

