# JRE version: OpenJDK Runtime Environment (8.0_242) (build 1.8.0_242-release-1644-b3-6222593)
# Java VM: OpenJDK 64-Bit Server VM (25.242-b3-6222593 mixed mode linux-amd64 compressed oops)
Heap:
 PSYoungGen      total 116224K, used 62975K [0x00000000f5580000, 0x0000000100000000, 0x0000000100000000)
  eden space 62976K, 99% used [0x00000000f5580000,0x00000000f92fffd8,0x00000000f9300000)
  from space 53248K, 0% used [0x00000000f9300000,0x00000000f9300000,0x00000000fc700000)
  to   space 54784K, 0% used [0x00000000fca80000,0x00000000fca80000,0x0000000100000000)
 ParOldGen       total 349696K, used 349282K [0x00000000e0000000, 0x00000000f5580000, 0x00000000f5580000)
  object space 349696K, 99% used [0x00000000e0000000,0x00000000f5518a10,0x00000000f5580000)
 Metaspace       used 106893K, capacity 110536K, committed 112280K, reserved 1146880K
  class space    used 14187K, capacity 14891K, committed 15280K, reserved 1048576K
GC Heap History (10 events):
Event: 63.770 GC heap after
Heap after GC invocations=102 (full 73):
 PSYoungGen      total 116224K, used 62955K [0x00000000f5580000, 0x0000000100000000, 0x0000000100000000)
  eden space 62976K, 99% used [0x00000000f5580000,0x00000000f92faea0,0x00000000f9300000)
  from space 53248K, 0% used [0x00000000f9300000,0x00000000f9300000,0x00000000fc700000)
  to   space 54784K, 0% used [0x00000000fca80000,0x00000000fca80000,0x0000000100000000)
 ParOldGen       total 349696K, used 349282K [0x00000000e0000000, 0x00000000f5580000, 0x00000000f5580000)
  object space 349696K, 99% used [0x00000000e0000000,0x00000000f5518a10,0x00000000f5580000)
 Metaspace       used 106892K, capacity 110536K, committed 112280K, reserved 1146880K
  class space    used 14187K, capacity 14891K, committed 15280K, reserved 1048576K
}
Event: 63.770 GC heap before
{Heap before GC invocations=103 (full 74):
 PSYoungGen      total 116224K, used 62976K [0x00000000f5580000, 0x0000000100000000, 0x0000000100000000)
  eden space 62976K, 100% used [0x00000000f5580000,0x00000000f9300000,0x00000000f9300000)
  from space 53248K, 0% used [0x00000000f9300000,0x00000000f9300000,0x00000000fc700000)
  to   space 54784K, 0% used [0x00000000fca80000,0x00000000fca80000,0x0000000100000000)
 ParOldGen       total 349696K, used 349282K [0x00000000e0000000, 0x00000000f5580000, 0x00000000f5580000)
  object space 349696K, 99% used [0x00000000e0000000,0x00000000f5518a10,0x00000000f5580000)
 Metaspace       used 106892K, capacity 110536K, committed 112280K, reserved 1146880K
  class space    used 14187K, capacity 14891K, committed 15280K, reserved 1048576K
Event: 64.098 GC heap after
Heap after GC invocations=103 (full 74):
 PSYoungGen      total 116224K, used 62957K [0x00000000f5580000, 0x0000000100000000, 0x0000000100000000)
  eden space 62976K, 99% used [0x00000000f5580000,0x00000000f92fb6a8,0x00000000f9300000)
  from space 53248K, 0% used [0x00000000f9300000,0x00000000f9300000,0x00000000fc700000)
  to   space 54784K, 0% used [0x00000000fca80000,0x00000000fca80000,0x0000000100000000)
 ParOldGen       total 349696K, used 349282K [0x00000000e0000000, 0x00000000f5580000, 0x00000000f5580000)
  object space 349696K, 99% used [0x00000000e0000000,0x00000000f5518a10,0x00000000f5580000)
 Metaspace       used 106892K, capacity 110536K, committed 112280K, reserved 1146880K
  class space    used 14187K, capacity 14891K, committed 15280K, reserved 1048576K
}
Event: 64.099 GC heap before
{Heap before GC invocations=104 (full 75):
 PSYoungGen      total 116224K, used 62976K [0x00000000f5580000, 0x0000000100000000, 0x0000000100000000)
  eden space 62976K, 100% used [0x00000000f5580000,0x00000000f9300000,0x00000000f9300000)
  from space 53248K, 0% used [0x00000000f9300000,0x00000000f9300000,0x00000000fc700000)
  to   space 54784K, 0% used [0x00000000fca80000,0x00000000fca80000,0x0000000100000000)
 ParOldGen       total 349696K, used 349282K [0x00000000e0000000, 0x00000000f5580000, 0x00000000f5580000)
  object space 349696K, 99% used [0x00000000e0000000,0x00000000f5518a10,0x00000000f5580000)
 Metaspace       used 106892K, capacity 110536K, committed 112280K, reserved 1146880K
  class space    used 14187K, capacity 14891K, committed 15280K, reserved 1048576K
Event: 64.428 GC heap after
Heap after GC invocations=104 (full 75):
 PSYoungGen      total 116224K, used 62961K [0x00000000f5580000, 0x0000000100000000, 0x0000000100000000)
  eden space 62976K, 99% used [0x00000000f5580000,0x00000000f92fc578,0x00000000f9300000)
  from space 53248K, 0% used [0x00000000f9300000,0x00000000f9300000,0x00000000fc700000)
  to   space 54784K, 0% used [0x00000000fca80000,0x00000000fca80000,0x0000000100000000)
 ParOldGen       total 349696K, used 349282K [0x00000000e0000000, 0x00000000f5580000, 0x00000000f5580000)
  object space 349696K, 99% used [0x00000000e0000000,0x00000000f5518a10,0x00000000f5580000)
 Metaspace       used 106892K, capacity 110536K, committed 112280K, reserved 1146880K
  class space    used 14187K, capacity 14891K, committed 15280K, reserved 1048576K
}
Event: 64.428 GC heap before
{Heap before GC invocations=105 (full 76):
 PSYoungGen      total 116224K, used 62976K [0x00000000f5580000, 0x0000000100000000, 0x0000000100000000)
  eden space 62976K, 100% used [0x00000000f5580000,0x00000000f9300000,0x00000000f9300000)
  from space 53248K, 0% used [0x00000000f9300000,0x00000000f9300000,0x00000000fc700000)
  to   space 54784K, 0% used [0x00000000fca80000,0x00000000fca80000,0x0000000100000000)
 ParOldGen       total 349696K, used 349282K [0x00000000e0000000, 0x00000000f5580000, 0x00000000f5580000)
  object space 349696K, 99% used [0x00000000e0000000,0x00000000f5518a10,0x00000000f5580000)
 Metaspace       used 106892K, capacity 110536K, committed 112280K, reserved 1146880K
  class space    used 14187K, capacity 14891K, committed 15280K, reserved 1048576K
Event: 64.754 GC heap after
Heap after GC invocations=105 (full 76):
 PSYoungGen      total 116224K, used 62962K [0x00000000f5580000, 0x0000000100000000, 0x0000000100000000)
  eden space 62976K, 99% used [0x00000000f5580000,0x00000000f92fc9f8,0x00000000f9300000)
  from space 53248K, 0% used [0x00000000f9300000,0x00000000f9300000,0x00000000fc700000)
  to   space 54784K, 0% used [0x00000000fca80000,0x00000000fca80000,0x0000000100000000)
 ParOldGen       total 349696K, used 349282K [0x00000000e0000000, 0x00000000f5580000, 0x00000000f5580000)
  object space 349696K, 99% used [0x00000000e0000000,0x00000000f5518a10,0x00000000f5580000)
 Metaspace       used 106892K, capacity 110536K, committed 112280K, reserved 1146880K
  class space    used 14187K, capacity 14891K, committed 15280K, reserved 1048576K
}
Event: 64.755 GC heap before
{Heap before GC invocations=106 (full 77):
 PSYoungGen      total 116224K, used 62976K [0x00000000f5580000, 0x0000000100000000, 0x0000000100000000)
  eden space 62976K, 100% used [0x00000000f5580000,0x00000000f9300000,0x00000000f9300000)
  from space 53248K, 0% used [0x00000000f9300000,0x00000000f9300000,0x00000000fc700000)
  to   space 54784K, 0% used [0x00000000fca80000,0x00000000fca80000,0x0000000100000000)
 ParOldGen       total 349696K, used 349282K [0x00000000e0000000, 0x00000000f5580000, 0x00000000f5580000)
  object space 349696K, 99% used [0x00000000e0000000,0x00000000f5518a10,0x00000000f5580000)
 Metaspace       used 106892K, capacity 110536K, committed 112280K, reserved 1146880K
  class space    used 14187K, capacity 14891K, committed 15280K, reserved 1048576K
Event: 65.083 GC heap after
Heap after GC invocations=106 (full 77):
 PSYoungGen      total 116224K, used 62971K [0x00000000f5580000, 0x0000000100000000, 0x0000000100000000)
  eden space 62976K, 99% used [0x00000000f5580000,0x00000000f92fed38,0x00000000f9300000)
  from space 53248K, 0% used [0x00000000f9300000,0x00000000f9300000,0x00000000fc700000)
  to   space 54784K, 0% used [0x00000000fca80000,0x00000000fca80000,0x0000000100000000)
 ParOldGen       total 349696K, used 349282K [0x00000000e0000000, 0x00000000f5580000, 0x00000000f5580000)
  object space 349696K, 99% used [0x00000000e0000000,0x00000000f5518a10,0x00000000f5580000)
 Metaspace       used 106892K, capacity 110536K, committed 112280K, reserved 1146880K
  class space    used 14187K, capacity 14891K, committed 15280K, reserved 1048576K
}
Event: 65.084 GC heap before
{Heap before GC invocations=107 (full 78):
 PSYoungGen      total 116224K, used 62975K [0x00000000f5580000, 0x0000000100000000, 0x0000000100000000)
  eden space 62976K, 99% used [0x00000000f5580000,0x00000000f92fffd8,0x00000000f9300000)
  from space 53248K, 0% used [0x00000000f9300000,0x00000000f9300000,0x00000000fc700000)
  to   space 54784K, 0% used [0x00000000fca80000,0x00000000fca80000,0x0000000100000000)
 ParOldGen       total 349696K, used 349282K [0x00000000e0000000, 0x00000000f5580000, 0x00000000f5580000)
  object space 349696K, 99% used [0x00000000e0000000,0x00000000f5518a10,0x00000000f5580000)
 Metaspace       used 106893K, capacity 110536K, committed 112280K, reserved 1146880K
  class space    used 14187K, capacity 14891K, committed 15280K, reserved 1048576K

