# JRE version: OpenJDK Runtime Environment (8.0_242) (build 1.8.0_242-release-1644-b3-6222593)
# Java VM: OpenJDK 64-Bit Server VM (25.242-b3-6222593 mixed mode linux-amd64 compressed oops)
Heap:
 PSYoungGen      total 114688K, used 58114K [0x00000000f5580000, 0x0000000100000000, 0x0000000100000000)
  eden space 58880K, 98% used [0x00000000f5580000,0x00000000f8e409b0,0x00000000f8f00000)
  from space 55808K, 0% used [0x00000000f8f00000,0x00000000f8f00000,0x00000000fc580000)
  to   space 57856K, 0% used [0x00000000fc780000,0x00000000fc780000,0x0000000100000000)
 ParOldGen       total 349696K, used 256160K [0x00000000e0000000, 0x00000000f5580000, 0x00000000f5580000)
  object space 349696K, 73% used [0x00000000e0000000,0x00000000efa28328,0x00000000f5580000)
 Metaspace       used 152391K, capacity 163588K, committed 186392K, reserved 1210368K
  class space    used 19458K, capacity 21353K, committed 26160K, reserved 1048576K
GC Heap History (10 events):
Event: 9188.250 GC heap before
{Heap before GC invocations=1039 (full 107):
 PSYoungGen      total 115712K, used 101734K [0x00000000f5580000, 0x0000000100000000, 0x0000000100000000)
  eden space 58368K, 100% used [0x00000000f5580000,0x00000000f8e80000,0x00000000f8e80000)
  from space 57344K, 75% used [0x00000000fc700000,0x00000000ff159be8,0x00000000fff00000)
  to   space 57856K, 0% used [0x00000000f8e80000,0x00000000f8e80000,0x00000000fc700000)
 ParOldGen       total 349696K, used 260830K [0x00000000e0000000, 0x00000000f5580000, 0x00000000f5580000)
  object space 349696K, 74% used [0x00000000e0000000,0x00000000efeb7b58,0x00000000f5580000)
 Metaspace       used 142360K, capacity 153758K, committed 186392K, reserved 1210368K
  class space    used 18213K, capacity 20167K, committed 26160K, reserved 1048576K
Event: 9188.274 GC heap after
Heap after GC invocations=1039 (full 107):
 PSYoungGen      total 116224K, used 13625K [0x00000000f5580000, 0x0000000100000000, 0x0000000100000000)
  eden space 58368K, 0% used [0x00000000f5580000,0x00000000f5580000,0x00000000f8e80000)
  from space 57856K, 23% used [0x00000000f8e80000,0x00000000f9bce460,0x00000000fc700000)
  to   space 57856K, 0% used [0x00000000fc780000,0x00000000fc780000,0x0000000100000000)
 ParOldGen       total 349696K, used 301538K [0x00000000e0000000, 0x00000000f5580000, 0x00000000f5580000)
  object space 349696K, 86% used [0x00000000e0000000,0x00000000f2678968,0x00000000f5580000)
 Metaspace       used 142360K, capacity 153758K, committed 186392K, reserved 1210368K
  class space    used 18213K, capacity 20167K, committed 26160K, reserved 1048576K
}
Event: 9188.414 GC heap before
{Heap before GC invocations=1040 (full 107):
 PSYoungGen      total 116224K, used 71993K [0x00000000f5580000, 0x0000000100000000, 0x0000000100000000)
  eden space 58368K, 100% used [0x00000000f5580000,0x00000000f8e80000,0x00000000f8e80000)
  from space 57856K, 23% used [0x00000000f8e80000,0x00000000f9bce460,0x00000000fc700000)
  to   space 57856K, 0% used [0x00000000fc780000,0x00000000fc780000,0x0000000100000000)
 ParOldGen       total 349696K, used 301538K [0x00000000e0000000, 0x00000000f5580000, 0x00000000f5580000)
  object space 349696K, 86% used [0x00000000e0000000,0x00000000f2678968,0x00000000f5580000)
 Metaspace       used 144136K, capacity 155520K, committed 186392K, reserved 1210368K
  class space    used 18395K, capacity 20328K, committed 26160K, reserved 1048576K
Event: 9188.427 GC heap after
Heap after GC invocations=1040 (full 107):
 PSYoungGen      total 112640K, used 20688K [0x00000000f5580000, 0x00000000ffc00000, 0x0000000100000000)
  eden space 58880K, 0% used [0x00000000f5580000,0x00000000f5580000,0x00000000f8f00000)
  from space 53760K, 38% used [0x00000000fc780000,0x00000000fdbb4008,0x00000000ffc00000)
  to   space 55808K, 0% used [0x00000000f8f00000,0x00000000f8f00000,0x00000000fc580000)
 ParOldGen       total 349696K, used 315072K [0x00000000e0000000, 0x00000000f5580000, 0x00000000f5580000)
  object space 349696K, 90% used [0x00000000e0000000,0x00000000f33b01e8,0x00000000f5580000)
 Metaspace       used 144136K, capacity 155520K, committed 186392K, reserved 1210368K
  class space    used 18395K, capacity 20328K, committed 26160K, reserved 1048576K
}
Event: 9188.573 GC heap before
{Heap before GC invocations=1041 (full 107):
 PSYoungGen      total 112640K, used 79568K [0x00000000f5580000, 0x00000000ffc00000, 0x0000000100000000)
  eden space 58880K, 100% used [0x00000000f5580000,0x00000000f8f00000,0x00000000f8f00000)
  from space 53760K, 38% used [0x00000000fc780000,0x00000000fdbb4008,0x00000000ffc00000)
  to   space 55808K, 0% used [0x00000000f8f00000,0x00000000f8f00000,0x00000000fc580000)
 ParOldGen       total 349696K, used 315072K [0x00000000e0000000, 0x00000000f5580000, 0x00000000f5580000)
  object space 349696K, 90% used [0x00000000e0000000,0x00000000f33b01e8,0x00000000f5580000)
 Metaspace       used 145552K, capacity 156914K, committed 186392K, reserved 1210368K
  class space    used 18604K, capacity 20557K, committed 26160K, reserved 1048576K
Event: 9188.592 GC heap after
Heap after GC invocations=1041 (full 107):
 PSYoungGen      total 114688K, used 49464K [0x00000000f5580000, 0x0000000100000000, 0x0000000100000000)
  eden space 58880K, 0% used [0x00000000f5580000,0x00000000f5580000,0x00000000f8f00000)
  from space 55808K, 88% used [0x00000000f8f00000,0x00000000fbf4e098,0x00000000fc580000)
  to   space 57856K, 0% used [0x00000000fc780000,0x00000000fc780000,0x0000000100000000)
 ParOldGen       total 349696K, used 315080K [0x00000000e0000000, 0x00000000f5580000, 0x00000000f5580000)
  object space 349696K, 90% used [0x00000000e0000000,0x00000000f33b21e8,0x00000000f5580000)
 Metaspace       used 145552K, capacity 156914K, committed 186392K, reserved 1210368K
  class space    used 18604K, capacity 20557K, committed 26160K, reserved 1048576K
}
Event: 9188.967 GC heap before
{Heap before GC invocations=1042 (full 107):
 PSYoungGen      total 114688K, used 108344K [0x00000000f5580000, 0x0000000100000000, 0x0000000100000000)
  eden space 58880K, 100% used [0x00000000f5580000,0x00000000f8f00000,0x00000000f8f00000)
  from space 55808K, 88% used [0x00000000f8f00000,0x00000000fbf4e098,0x00000000fc580000)
  to   space 57856K, 0% used [0x00000000fc780000,0x00000000fc780000,0x0000000100000000)
 ParOldGen       total 349696K, used 315080K [0x00000000e0000000, 0x00000000f5580000, 0x00000000f5580000)
  object space 349696K, 90% used [0x00000000e0000000,0x00000000f33b21e8,0x00000000f5580000)
 Metaspace       used 150133K, capacity 161628K, committed 186392K, reserved 1210368K
  class space    used 19138K, capacity 21102K, committed 26160K, reserved 1048576K
Event: 9189.055 GC heap after
Heap after GC invocations=1042 (full 107):
 PSYoungGen      total 114688K, used 108344K [0x00000000f5580000, 0x0000000100000000, 0x0000000100000000)
  eden space 58880K, 100% used [0x00000000f5580000,0x00000000f8f00000,0x00000000f8f00000)
  from space 55808K, 88% used [0x00000000f8f00000,0x00000000fbf4e098,0x00000000fc580000)
  to   space 57856K, 12% used [0x00000000fc780000,0x00000000fcebd120,0x0000000100000000)
 ParOldGen       total 349696K, used 349695K [0x00000000e0000000, 0x00000000f5580000, 0x00000000f5580000)
  object space 349696K, 99% used [0x00000000e0000000,0x00000000f557fcd0,0x00000000f5580000)
 Metaspace       used 150133K, capacity 161628K, committed 186392K, reserved 1210368K
  class space    used 19138K, capacity 21102K, committed 26160K, reserved 1048576K
}
Event: 9189.055 GC heap before
{Heap before GC invocations=1043 (full 108):
 PSYoungGen      total 114688K, used 108344K [0x00000000f5580000, 0x0000000100000000, 0x0000000100000000)
  eden space 58880K, 100% used [0x00000000f5580000,0x00000000f8f00000,0x00000000f8f00000)
  from space 55808K, 88% used [0x00000000f8f00000,0x00000000fbf4e098,0x00000000fc580000)
  to   space 57856K, 12% used [0x00000000fc780000,0x00000000fcebd120,0x0000000100000000)
 ParOldGen       total 349696K, used 349695K [0x00000000e0000000, 0x00000000f5580000, 0x00000000f5580000)
  object space 349696K, 99% used [0x00000000e0000000,0x00000000f557fcd0,0x00000000f5580000)
 Metaspace       used 150133K, capacity 161628K, committed 186392K, reserved 1210368K
  class space    used 19138K, capacity 21102K, committed 26160K, reserved 1048576K
Event: 9189.518 GC heap after
Heap after GC invocations=1043 (full 108):
 PSYoungGen      total 114688K, used 0K [0x00000000f5580000, 0x0000000100000000, 0x0000000100000000)
  eden space 58880K, 0% used [0x00000000f5580000,0x00000000f5580000,0x00000000f8f00000)
  from space 55808K, 0% used [0x00000000f8f00000,0x00000000f8f00000,0x00000000fc580000)
  to   space 57856K, 0% used [0x00000000fc780000,0x00000000fc780000,0x0000000100000000)
 ParOldGen       total 349696K, used 256160K [0x00000000e0000000, 0x00000000f5580000, 0x00000000f5580000)
  object space 349696K, 73% used [0x00000000e0000000,0x00000000efa28328,0x00000000f5580000)
 Metaspace       used 149676K, capacity 160866K, committed 186392K, reserved 1210368K
  class space    used 19061K, capacity 20962K, committed 26160K, reserved 1048576K
}

