# JRE version: OpenJDK Runtime Environment (8.0_242) (build 1.8.0_242-release-1644-b3-6222593)
# Java VM: OpenJDK 64-Bit Server VM (25.242-b3-6222593 mixed mode linux-amd64 compressed oops)
Heap:
 PSYoungGen      total 116736K, used 58880K [0x00000000f5580000, 0x0000000100000000, 0x0000000100000000)
  eden space 58880K, 100% used [0x00000000f5580000,0x00000000f8f00000,0x00000000f8f00000)
  from space 57856K, 0% used [0x00000000f8f00000,0x00000000f8f00000,0x00000000fc780000)
  to   space 57856K, 0% used [0x00000000fc780000,0x00000000fc780000,0x0000000100000000)
 ParOldGen       total 349696K, used 349233K [0x00000000e0000000, 0x00000000f5580000, 0x00000000f5580000)
  object space 349696K, 99% used [0x00000000e0000000,0x00000000f550c550,0x00000000f5580000)
 Metaspace       used 104410K, capacity 108394K, committed 108696K, reserved 1142784K
  class space    used 13883K, capacity 14725K, committed 14768K, reserved 1048576K
GC Heap History (10 events):
Event: 25.540 GC heap after
Heap after GC invocations=44 (full 17):
 PSYoungGen      total 116736K, used 44480K [0x00000000f5580000, 0x0000000100000000, 0x0000000100000000)
  eden space 58880K, 75% used [0x00000000f5580000,0x00000000f80f01a0,0x00000000f8f00000)
  from space 57856K, 0% used [0x00000000f8f00000,0x00000000f8f00000,0x00000000fc780000)
  to   space 57856K, 0% used [0x00000000fc780000,0x00000000fc780000,0x0000000100000000)
 ParOldGen       total 349696K, used 349502K [0x00000000e0000000, 0x00000000f5580000, 0x00000000f5580000)
  object space 349696K, 99% used [0x00000000e0000000,0x00000000f554fb08,0x00000000f5580000)
 Metaspace       used 103011K, capacity 106928K, committed 107160K, reserved 1142784K
  class space    used 13645K, capacity 14458K, committed 14512K, reserved 1048576K
}
Event: 25.647 GC heap before
{Heap before GC invocations=45 (full 18):
 PSYoungGen      total 116736K, used 58880K [0x00000000f5580000, 0x0000000100000000, 0x0000000100000000)
  eden space 58880K, 100% used [0x00000000f5580000,0x00000000f8f00000,0x00000000f8f00000)
  from space 57856K, 0% used [0x00000000f8f00000,0x00000000f8f00000,0x00000000fc780000)
  to   space 57856K, 0% used [0x00000000fc780000,0x00000000fc780000,0x0000000100000000)
 ParOldGen       total 349696K, used 349502K [0x00000000e0000000, 0x00000000f5580000, 0x00000000f5580000)
  object space 349696K, 99% used [0x00000000e0000000,0x00000000f554fb08,0x00000000f5580000)
 Metaspace       used 103877K, capacity 107856K, committed 108184K, reserved 1142784K
  class space    used 13781K, capacity 14658K, committed 14768K, reserved 1048576K
Event: 26.499 GC heap after
Heap after GC invocations=45 (full 18):
 PSYoungGen      total 116736K, used 46954K [0x00000000f5580000, 0x0000000100000000, 0x0000000100000000)
  eden space 58880K, 79% used [0x00000000f5580000,0x00000000f835ab78,0x00000000f8f00000)
  from space 57856K, 0% used [0x00000000f8f00000,0x00000000f8f00000,0x00000000fc780000)
  to   space 57856K, 0% used [0x00000000fc780000,0x00000000fc780000,0x0000000100000000)
 ParOldGen       total 349696K, used 349431K [0x00000000e0000000, 0x00000000f5580000, 0x00000000f5580000)
  object space 349696K, 99% used [0x00000000e0000000,0x00000000f553de50,0x00000000f5580000)
 Metaspace       used 103877K, capacity 107856K, committed 108184K, reserved 1142784K
  class space    used 13781K, capacity 14658K, committed 14768K, reserved 1048576K
}
Event: 26.557 GC heap before
{Heap before GC invocations=46 (full 19):
 PSYoungGen      total 116736K, used 58880K [0x00000000f5580000, 0x0000000100000000, 0x0000000100000000)
  eden space 58880K, 100% used [0x00000000f5580000,0x00000000f8f00000,0x00000000f8f00000)
  from space 57856K, 0% used [0x00000000f8f00000,0x00000000f8f00000,0x00000000fc780000)
  to   space 57856K, 0% used [0x00000000fc780000,0x00000000fc780000,0x0000000100000000)
 ParOldGen       total 349696K, used 349431K [0x00000000e0000000, 0x00000000f5580000, 0x00000000f5580000)
  object space 349696K, 99% used [0x00000000e0000000,0x00000000f553de50,0x00000000f5580000)
 Metaspace       used 104098K, capacity 108100K, committed 108440K, reserved 1142784K
  class space    used 13818K, capacity 14692K, committed 14768K, reserved 1048576K
Event: 27.495 GC heap after
Heap after GC invocations=46 (full 19):
 PSYoungGen      total 116736K, used 50767K [0x00000000f5580000, 0x0000000100000000, 0x0000000100000000)
  eden space 58880K, 86% used [0x00000000f5580000,0x00000000f8713eb8,0x00000000f8f00000)
  from space 57856K, 0% used [0x00000000f8f00000,0x00000000f8f00000,0x00000000fc780000)
  to   space 57856K, 0% used [0x00000000fc780000,0x00000000fc780000,0x0000000100000000)
 ParOldGen       total 349696K, used 349247K [0x00000000e0000000, 0x00000000f5580000, 0x00000000f5580000)
  object space 349696K, 99% used [0x00000000e0000000,0x00000000f550fe10,0x00000000f5580000)
 Metaspace       used 104098K, capacity 108100K, committed 108440K, reserved 1142784K
  class space    used 13818K, capacity 14692K, committed 14768K, reserved 1048576K
}
Event: 27.527 GC heap before
{Heap before GC invocations=47 (full 20):
 PSYoungGen      total 116736K, used 58880K [0x00000000f5580000, 0x0000000100000000, 0x0000000100000000)
  eden space 58880K, 100% used [0x00000000f5580000,0x00000000f8f00000,0x00000000f8f00000)
  from space 57856K, 0% used [0x00000000f8f00000,0x00000000f8f00000,0x00000000fc780000)
  to   space 57856K, 0% used [0x00000000fc780000,0x00000000fc780000,0x0000000100000000)
 ParOldGen       total 349696K, used 349247K [0x00000000e0000000, 0x00000000f5580000, 0x00000000f5580000)
  object space 349696K, 99% used [0x00000000e0000000,0x00000000f550fe10,0x00000000f5580000)
 Metaspace       used 104331K, capacity 108394K, committed 108696K, reserved 1142784K
  class space    used 13864K, capacity 14725K, committed 14768K, reserved 1048576K
Event: 28.492 GC heap after
Heap after GC invocations=47 (full 20):
 PSYoungGen      total 116736K, used 50468K [0x00000000f5580000, 0x0000000100000000, 0x0000000100000000)
  eden space 58880K, 85% used [0x00000000f5580000,0x00000000f86c90e8,0x00000000f8f00000)
  from space 57856K, 0% used [0x00000000f8f00000,0x00000000f8f00000,0x00000000fc780000)
  to   space 57856K, 0% used [0x00000000fc780000,0x00000000fc780000,0x0000000100000000)
 ParOldGen       total 349696K, used 349449K [0x00000000e0000000, 0x00000000f5580000, 0x00000000f5580000)
  object space 349696K, 99% used [0x00000000e0000000,0x00000000f5542520,0x00000000f5580000)
 Metaspace       used 104331K, capacity 108394K, committed 108696K, reserved 1142784K
  class space    used 13864K, capacity 14725K, committed 14768K, reserved 1048576K
}
Event: 28.515 GC heap before
{Heap before GC invocations=48 (full 21):
 PSYoungGen      total 116736K, used 58880K [0x00000000f5580000, 0x0000000100000000, 0x0000000100000000)
  eden space 58880K, 100% used [0x00000000f5580000,0x00000000f8f00000,0x00000000f8f00000)
  from space 57856K, 0% used [0x00000000f8f00000,0x00000000f8f00000,0x00000000fc780000)
  to   space 57856K, 0% used [0x00000000fc780000,0x00000000fc780000,0x0000000100000000)
 ParOldGen       total 349696K, used 349449K [0x00000000e0000000, 0x00000000f5580000, 0x00000000f5580000)
  object space 349696K, 99% used [0x00000000e0000000,0x00000000f5542520,0x00000000f5580000)
 Metaspace       used 104373K, capacity 108394K, committed 108696K, reserved 1142784K
  class space    used 13872K, capacity 14725K, committed 14768K, reserved 1048576K
Event: 29.337 GC heap after
Heap after GC invocations=48 (full 21):
 PSYoungGen      total 116736K, used 52685K [0x00000000f5580000, 0x0000000100000000, 0x0000000100000000)
  eden space 58880K, 89% used [0x00000000f5580000,0x00000000f88f35e8,0x00000000f8f00000)
  from space 57856K, 0% used [0x00000000f8f00000,0x00000000f8f00000,0x00000000fc780000)
  to   space 57856K, 0% used [0x00000000fc780000,0x00000000fc780000,0x0000000100000000)
 ParOldGen       total 349696K, used 349233K [0x00000000e0000000, 0x00000000f5580000, 0x00000000f5580000)
  object space 349696K, 99% used [0x00000000e0000000,0x00000000f550c550,0x00000000f5580000)
 Metaspace       used 104373K, capacity 108394K, committed 108696K, reserved 1142784K
  class space    used 13872K, capacity 14725K, committed 14768K, reserved 1048576K
}
Event: 29.354 GC heap before
{Heap before GC invocations=49 (full 22):
 PSYoungGen      total 116736K, used 58880K [0x00000000f5580000, 0x0000000100000000, 0x0000000100000000)
  eden space 58880K, 100% used [0x00000000f5580000,0x00000000f8f00000,0x00000000f8f00000)
  from space 57856K, 0% used [0x00000000f8f00000,0x00000000f8f00000,0x00000000fc780000)
  to   space 57856K, 0% used [0x00000000fc780000,0x00000000fc780000,0x0000000100000000)
 ParOldGen       total 349696K, used 349233K [0x00000000e0000000, 0x00000000f5580000, 0x00000000f5580000)
  object space 349696K, 99% used [0x00000000e0000000,0x00000000f550c550,0x00000000f5580000)
 Metaspace       used 104410K, capacity 108394K, committed 108696K, reserved 1142784K
  class space    used 13883K, capacity 14725K, committed 14768K, reserved 1048576K

